org.eclipse.m2e.logback.configuration: The org.eclipse.m2e.logback.configuration bundle was activated before the state location was initialized.  Will retry after the state location is initialized.
org.eclipse.m2e.logback.configuration: Logback config file: /home/vaneet.kumar/Eclipse_Workspaces/WS_U nitTests_Junit5_Mockito/.metadata/.plugins/org.eclipse.m2e.logback.configuration/logback.1.8.2.20171007-0217.xml
org.eclipse.m2e.logback.configuration: Initializing logback
15:58:41,996 |-INFO in ch.qos.logback.classic.LoggerContext[default] - Could NOT find resource [logback.groovy]
15:58:41,996 |-INFO in ch.qos.logback.classic.LoggerContext[default] - Could NOT find resource [logback-test.xml]
15:58:41,996 |-INFO in ch.qos.logback.classic.LoggerContext[default] - Could NOT find resource [logback.xml]
15:58:41,996 |-INFO in ch.qos.logback.classic.LoggerContext[default] - Setting up default configuration.
15:58:42,064 |-INFO in ch.qos.logback.classic.joran.action.ConfigurationAction - debug attribute not set
15:58:42,067 |-INFO in ReconfigureOnChangeFilter{invocationCounter=0} - Will scan for changes in [[/home/vaneet.kumar/Eclipse_Workspaces/WS_U nitTests_Junit5_Mockito/.metadata/.plugins/org.eclipse.m2e.logback.configuration/logback.1.8.2.20171007-0217.xml]] every 60 seconds. 
15:58:42,067 |-INFO in ch.qos.logback.classic.joran.action.ConfigurationAction - Adding ReconfigureOnChangeFilter as a turbo filter
15:58:42,069 |-INFO in ch.qos.logback.core.joran.action.AppenderAction - About to instantiate appender of type [ch.qos.logback.core.ConsoleAppender]
15:58:42,069 |-INFO in ch.qos.logback.core.joran.action.AppenderAction - Naming appender as [STDOUT]
15:58:42,140 |-INFO in ch.qos.logback.core.joran.action.AppenderAction - About to instantiate appender of type [ch.qos.logback.core.rolling.RollingFileAppender]
15:58:42,146 |-ERROR in ch.qos.logback.core.joran.action.AppenderAction - Could not create an Appender of type [ch.qos.logback.core.rolling.RollingFileAppender]. ch.qos.logback.core.util.DynamicClassLoadingException: Failed to instantiate type ch.qos.logback.core.rolling.RollingFileAppender
	at ch.qos.logback.core.util.DynamicClassLoadingException: Failed to instantiate type ch.qos.logback.core.rolling.RollingFileAppender
	at 	at ch.qos.logback.core.util.OptionHelper.instantiateByClassNameAndParameter(OptionHelper.java:73)
	at 	at ch.qos.logback.core.util.OptionHelper.instantiateByClassName(OptionHelper.java:48)
	at 	at ch.qos.logback.core.util.OptionHelper.instantiateByClassName(OptionHelper.java:35)
	at 	at ch.qos.logback.core.joran.action.AppenderAction.begin(AppenderAction.java:54)
	at 	at ch.qos.logback.core.joran.spi.Interpreter.callBeginAction(Interpreter.java:275)
	at 	at ch.qos.logback.core.joran.spi.Interpreter.startElement(Interpreter.java:147)
	at 	at ch.qos.logback.core.joran.spi.Interpreter.startElement(Interpreter.java:129)
	at 	at ch.qos.logback.core.joran.spi.EventPlayer.play(EventPlayer.java:50)
	at 	at ch.qos.logback.core.joran.GenericConfigurator.doConfigure(GenericConfigurator.java:149)
	at 	at ch.qos.logback.core.joran.GenericConfigurator.doConfigure(GenericConfigurator.java:135)
	at 	at ch.qos.logback.core.joran.GenericConfigurator.doConfigure(GenericConfigurator.java:99)
	at 	at ch.qos.logback.core.joran.GenericConfigurator.doConfigure(GenericConfigurator.java:49)
	at 	at org.eclipse.m2e.logback.configuration.LogPlugin.loadConfiguration(LogPlugin.java:185)
	at 	at org.eclipse.m2e.logback.configuration.LogPlugin.configureLogback(LogPlugin.java:144)
	at 	at org.eclipse.m2e.logback.configuration.LogPlugin.access$2(LogPlugin.java:107)
	at 	at org.eclipse.m2e.logback.configuration.LogPlugin$1.run(LogPlugin.java:62)
	at 	at java.util.TimerThread.mainLoop(Timer.java:555)
	at 	at java.util.TimerThread.run(Timer.java:505)
Caused by: java.lang.ClassNotFoundException: ch.qos.logback.core.rolling.RollingFileAppender cannot be found by ch.qos.logback.classic_1.1.2.v20160208-0839
	at 	at org.eclipse.osgi.internal.loader.BundleLoader.findClassInternal(BundleLoader.java:484)
	at 	at org.eclipse.osgi.internal.loader.BundleLoader.findClass(BundleLoader.java:395)
	at 	at org.eclipse.osgi.internal.loader.BundleLoader.findClass(BundleLoader.java:387)
	at 	at org.eclipse.osgi.internal.loader.ModuleClassLoader.loadClass(ModuleClassLoader.java:150)
	at 	at java.lang.ClassLoader.loadClass(ClassLoader.java:357)
	at 	at ch.qos.logback.core.util.OptionHelper.instantiateByClassNameAndParameter(OptionHelper.java:60)
	at 	... 17 common frames omitted
15:58:42,146 |-ERROR in ch.qos.logback.core.joran.spi.Interpreter@11:81 - ActionException in Action for tag [appender] ch.qos.logback.core.joran.spi.ActionException: ch.qos.logback.core.util.DynamicClassLoadingException: Failed to instantiate type ch.qos.logback.core.rolling.RollingFileAppender
	at ch.qos.logback.core.joran.spi.ActionException: ch.qos.logback.core.util.DynamicClassLoadingException: Failed to instantiate type ch.qos.logback.core.rolling.RollingFileAppender
	at 	at ch.qos.logback.core.joran.action.AppenderAction.begin(AppenderAction.java:82)
	at 	at ch.qos.logback.core.joran.spi.Interpreter.callBeginAction(Interpreter.java:275)
	at 	at ch.qos.logback.core.joran.spi.Interpreter.startElement(Interpreter.java:147)
	at 	at ch.qos.logback.core.joran.spi.Interpreter.startElement(Interpreter.java:129)
	at 	at ch.qos.logback.core.joran.spi.EventPlayer.play(EventPlayer.java:50)
	at 	at ch.qos.logback.core.joran.GenericConfigurator.doConfigure(GenericConfigurator.java:149)
	at 	at ch.qos.logback.core.joran.GenericConfigurator.doConfigure(GenericConfigurator.java:135)
	at 	at ch.qos.logback.core.joran.GenericConfigurator.doConfigure(GenericConfigurator.java:99)
	at 	at ch.qos.logback.core.joran.GenericConfigurator.doConfigure(GenericConfigurator.java:49)
	at 	at org.eclipse.m2e.logback.configuration.LogPlugin.loadConfiguration(LogPlugin.java:185)
	at 	at org.eclipse.m2e.logback.configuration.LogPlugin.configureLogback(LogPlugin.java:144)
	at 	at org.eclipse.m2e.logback.configuration.LogPlugin.access$2(LogPlugin.java:107)
	at 	at org.eclipse.m2e.logback.configuration.LogPlugin$1.run(LogPlugin.java:62)
	at 	at java.util.TimerThread.mainLoop(Timer.java:555)
	at 	at java.util.TimerThread.run(Timer.java:505)
Caused by: ch.qos.logback.core.util.DynamicClassLoadingException: Failed to instantiate type ch.qos.logback.core.rolling.RollingFileAppender
	at 	at ch.qos.logback.core.util.OptionHelper.instantiateByClassNameAndParameter(OptionHelper.java:73)
	at 	at ch.qos.logback.core.util.OptionHelper.instantiateByClassName(OptionHelper.java:48)
	at 	at ch.qos.logback.core.util.OptionHelper.instantiateByClassName(OptionHelper.java:35)
	at 	at ch.qos.logback.core.joran.action.AppenderAction.begin(AppenderAction.java:54)
	at 	... 14 common frames omitted
Caused by: java.lang.ClassNotFoundException: ch.qos.logback.core.rolling.RollingFileAppender cannot be found by ch.qos.logback.classic_1.1.2.v20160208-0839
	at 	at org.eclipse.osgi.internal.loader.BundleLoader.findClassInternal(BundleLoader.java:484)
	at 	at org.eclipse.osgi.internal.loader.BundleLoader.findClass(BundleLoader.java:395)
	at 	at org.eclipse.osgi.internal.loader.BundleLoader.findClass(BundleLoader.java:387)
	at 	at org.eclipse.osgi.internal.loader.ModuleClassLoader.loadClass(ModuleClassLoader.java:150)
	at 	at java.lang.ClassLoader.loadClass(ClassLoader.java:357)
	at 	at ch.qos.logback.core.util.OptionHelper.instantiateByClassNameAndParameter(OptionHelper.java:60)
	at 	... 17 common frames omitted
15:58:42,147 |-INFO in ch.qos.logback.core.joran.action.AppenderAction - About to instantiate appender of type [org.eclipse.m2e.logback.appender.EclipseLogAppender]
15:58:42,147 |-INFO in ch.qos.logback.core.joran.action.AppenderAction - Naming appender as [EclipseLog]
15:58:42,148 |-INFO in ch.qos.logback.core.joran.action.AppenderAction - About to instantiate appender of type [org.eclipse.m2e.logback.appender.MavenConsoleAppender]
15:58:42,149 |-INFO in ch.qos.logback.core.joran.action.AppenderAction - Naming appender as [MavenConsoleLog]
15:58:42,149 |-INFO in ch.qos.logback.classic.joran.action.RootLoggerAction - Setting level of ROOT logger to INFO
15:58:42,149 |-ERROR in ch.qos.logback.core.joran.action.AppenderRefAction - Could not find an appender named [FILE]. Did you define it below instead of above in the configuration file?
15:58:42,149 |-ERROR in ch.qos.logback.core.joran.action.AppenderRefAction - See http://logback.qos.ch/codes.html#appender_order for more details.
15:58:42,149 |-INFO in ch.qos.logback.core.joran.action.AppenderRefAction - Attaching appender named [STDOUT] to Logger[ROOT]
15:58:42,149 |-INFO in ch.qos.logback.core.joran.action.AppenderRefAction - Attaching appender named [EclipseLog] to Logger[ROOT]
15:58:42,149 |-INFO in ch.qos.logback.core.joran.action.AppenderRefAction - Attaching appender named [MavenConsoleLog] to Logger[ROOT]
15:58:42,149 |-INFO in ch.qos.logback.classic.joran.action.LoggerAction - Setting level of logger [com.ning.http.client] to INFO
15:58:42,149 |-INFO in ch.qos.logback.classic.joran.action.ConfigurationAction - End of configuration.
15:58:42,149 |-INFO in ch.qos.logback.classic.joran.JoranConfigurator@62c61479 - Registering current configuration as safe fallback point

java.nio.file.NoSuchFileException: /usr/lib/jvm/java-8-openjdk-amd64/release
	at sun.nio.fs.UnixException.translateToIOException(UnixException.java:86)
	at sun.nio.fs.UnixException.rethrowAsIOException(UnixException.java:102)
	at sun.nio.fs.UnixException.rethrowAsIOException(UnixException.java:107)
	at sun.nio.fs.UnixFileSystemProvider.newByteChannel(UnixFileSystemProvider.java:214)
	at java.nio.file.Files.newByteChannel(Files.java:361)
	at java.nio.file.Files.newByteChannel(Files.java:407)
	at java.nio.file.spi.FileSystemProvider.newInputStream(FileSystemProvider.java:384)
	at java.nio.file.Files.newInputStream(Files.java:152)
	at java.nio.file.Files.newBufferedReader(Files.java:2784)
	at java.nio.file.Files.lines(Files.java:3744)
	at java.nio.file.Files.lines(Files.java:3785)
	at org.eclipse.jdt.internal.launching.StandardVMType.readReleaseVersion(StandardVMType.java:832)
	at org.eclipse.jdt.internal.launching.StandardVMType.getLibraryInfo(StandardVMType.java:214)
	at org.eclipse.jdt.internal.launching.StandardVMType.getDefaultLibraryLocations(StandardVMType.java:432)
	at org.eclipse.jdt.internal.launching.StandardVMType.canDetectDefaultSystemLibraries(StandardVMType.java:242)
	at org.eclipse.jdt.internal.launching.StandardVMType.validateInstallLocation(StandardVMType.java:634)
	at org.eclipse.jdt.internal.launching.VMDefinitionsContainer.addVM(VMDefinitionsContainer.java:136)
	at org.eclipse.jdt.internal.launching.VMDefinitionsContainer.populateVMForType(VMDefinitionsContainer.java:558)
	at org.eclipse.jdt.internal.launching.VMDefinitionsContainer.populateVMTypes(VMDefinitionsContainer.java:494)
	at org.eclipse.jdt.internal.launching.VMDefinitionsContainer.parseXMLIntoContainer(VMDefinitionsContainer.java:473)
	at org.eclipse.jdt.launching.JavaRuntime.addPersistedVMs(JavaRuntime.java:1782)
	at org.eclipse.jdt.launching.JavaRuntime.initializeVMs(JavaRuntime.java:3018)
	at org.eclipse.jdt.launching.JavaRuntime.getVMInstallTypes(JavaRuntime.java:543)
	at org.eclipse.jdt.internal.launching.environments.EnvironmentsManager.initializeCompatibilities(EnvironmentsManager.java:241)
	at org.eclipse.jdt.internal.launching.environments.ExecutionEnvironment.init(ExecutionEnvironment.java:181)
	at org.eclipse.jdt.internal.launching.environments.ExecutionEnvironment.getDefaultVM(ExecutionEnvironment.java:223)
	at org.eclipse.jdt.internal.launching.JREContainerInitializer.resolveVM(JREContainerInitializer.java:176)
	at org.eclipse.jdt.internal.launching.JREContainerInitializer.resolveVM(JREContainerInitializer.java:143)
	at org.eclipse.jdt.internal.launching.JREContainerInitializer.initialize(JREContainerInitializer.java:60)
	at org.eclipse.jdt.internal.core.JavaModelManager.initializeContainer(JavaModelManager.java:3112)
	at org.eclipse.jdt.internal.core.JavaModelManager.getClasspathContainer(JavaModelManager.java:2061)
	at org.eclipse.jdt.core.JavaCore.getClasspathContainer(JavaCore.java:3548)
	at org.eclipse.jdt.internal.core.JavaProject.resolveClasspath(JavaProject.java:2986)
	at org.eclipse.jdt.internal.core.JavaProject.resolveClasspath(JavaProject.java:3150)
	at org.eclipse.jdt.internal.core.JavaProject.getResolvedClasspath(JavaProject.java:2255)
	at org.eclipse.jdt.internal.core.JavaProject.getClasspathEntryFor(JavaProject.java:1713)
	at org.eclipse.jdt.internal.core.JavaModelManager.createJarPackageFragmentRootFrom(JavaModelManager.java:1118)
	at org.eclipse.jdt.internal.core.JavaModelManager.create(JavaModelManager.java:1006)
	at org.eclipse.jdt.internal.core.JavaModelManager.create(JavaModelManager.java:967)
	at org.eclipse.jdt.core.JavaCore.create(JavaCore.java:3427)
	at org.eclipse.jdt.internal.ui.ResourceAdapterFactory.getAdapter(ResourceAdapterFactory.java:47)
	at org.eclipse.core.internal.adapter.AdapterFactoryProxy.getAdapter(AdapterFactoryProxy.java:82)
	at org.eclipse.core.internal.runtime.AdapterManager.getAdapter(AdapterManager.java:295)
	at org.eclipse.core.runtime.PlatformObject.getAdapter(PlatformObject.java:68)
	at org.eclipse.jdt.internal.ui.EditorInputAdapterFactory.getAdapter(EditorInputAdapterFactory.java:56)
	at org.eclipse.core.internal.adapter.AdapterFactoryProxy.getAdapter(AdapterFactoryProxy.java:82)
	at org.eclipse.core.internal.runtime.AdapterManager.getAdapter(AdapterManager.java:295)
	at org.eclipse.core.runtime.PlatformObject.getAdapter(PlatformObject.java:68)
	at org.eclipse.ui.part.FileEditorInput.getAdapter(FileEditorInput.java:239)
	at org.eclipse.jdt.ui.JavaUI.getEditorInputJavaElement(JavaUI.java:786)
	at org.eclipse.jdt.internal.ui.packageview.PackageExplorerPart.getInputFromEditor(PackageExplorerPart.java:1022)
	at org.eclipse.jdt.internal.ui.packageview.PackageExplorerPart.editorActivated(PackageExplorerPart.java:1012)
	at org.eclipse.jdt.internal.ui.packageview.PackageExplorerPart$1.partActivated(PackageExplorerPart.java:225)
	at org.eclipse.ui.internal.WorkbenchPage$15.run(WorkbenchPage.java:4999)
	at org.eclipse.core.runtime.SafeRunner.run(SafeRunner.java:42)
	at org.eclipse.ui.internal.WorkbenchPage.firePartActivated(WorkbenchPage.java:4996)
	at org.eclipse.ui.internal.WorkbenchPage.access$19(WorkbenchPage.java:4975)
	at org.eclipse.ui.internal.WorkbenchPage$E4PartListener.partActivated(WorkbenchPage.java:212)
	at org.eclipse.e4.ui.internal.workbench.PartServiceImpl$3.run(PartServiceImpl.java:250)
	at org.eclipse.core.runtime.SafeRunner.run(SafeRunner.java:42)
	at org.eclipse.e4.ui.internal.workbench.PartServiceImpl.firePartActivated(PartServiceImpl.java:247)
	at org.eclipse.e4.ui.internal.workbench.PartServiceImpl.activate(PartServiceImpl.java:756)
	at org.eclipse.e4.ui.internal.workbench.PartServiceImpl.switchPerspective(PartServiceImpl.java:640)
	at org.eclipse.e4.ui.workbench.renderers.swt.PerspectiveStackRenderer.showTab(PerspectiveStackRenderer.java:102)
	at org.eclipse.e4.ui.workbench.renderers.swt.LazyStackRenderer.postProcess(LazyStackRenderer.java:97)
	at org.eclipse.e4.ui.workbench.renderers.swt.PerspectiveStackRenderer.postProcess(PerspectiveStackRenderer.java:61)
	at org.eclipse.e4.ui.internal.workbench.swt.PartRenderingEngine.safeCreateGui(PartRenderingEngine.java:679)
	at org.eclipse.e4.ui.internal.workbench.swt.PartRenderingEngine.safeCreateGui(PartRenderingEngine.java:767)
	at org.eclipse.e4.ui.internal.workbench.swt.PartRenderingEngine.access$0(PartRenderingEngine.java:738)
	at org.eclipse.e4.ui.internal.workbench.swt.PartRenderingEngine$2.run(PartRenderingEngine.java:732)
	at org.eclipse.core.runtime.SafeRunner.run(SafeRunner.java:42)
	at org.eclipse.e4.ui.internal.workbench.swt.PartRenderingEngine.createGui(PartRenderingEngine.java:716)
	at org.eclipse.e4.ui.workbench.renderers.swt.SWTPartRenderer.processContents(SWTPartRenderer.java:69)
	at org.eclipse.e4.ui.workbench.renderers.swt.SashRenderer.processContents(SashRenderer.java:137)
	at org.eclipse.e4.ui.internal.workbench.swt.PartRenderingEngine.safeCreateGui(PartRenderingEngine.java:675)
	at org.eclipse.e4.ui.internal.workbench.swt.PartRenderingEngine.safeCreateGui(PartRenderingEngine.java:767)
	at org.eclipse.e4.ui.internal.workbench.swt.PartRenderingEngine.access$0(PartRenderingEngine.java:738)
	at org.eclipse.e4.ui.internal.workbench.swt.PartRenderingEngine$2.run(PartRenderingEngine.java:732)
	at org.eclipse.core.runtime.SafeRunner.run(SafeRunner.java:42)
	at org.eclipse.e4.ui.internal.workbench.swt.PartRenderingEngine.createGui(PartRenderingEngine.java:716)
	at org.eclipse.e4.ui.workbench.renderers.swt.SWTPartRenderer.processContents(SWTPartRenderer.java:69)
	at org.eclipse.e4.ui.workbench.renderers.swt.WBWRenderer.processContents(WBWRenderer.java:704)
	at org.eclipse.e4.ui.internal.workbench.swt.PartRenderingEngine.safeCreateGui(PartRenderingEngine.java:675)
	at org.eclipse.e4.ui.internal.workbench.swt.PartRenderingEngine.safeCreateGui(PartRenderingEngine.java:767)
	at org.eclipse.e4.ui.internal.workbench.swt.PartRenderingEngine.access$0(PartRenderingEngine.java:738)
	at org.eclipse.e4.ui.internal.workbench.swt.PartRenderingEngine$2.run(PartRenderingEngine.java:732)
	at org.eclipse.core.runtime.SafeRunner.run(SafeRunner.java:42)
	at org.eclipse.e4.ui.internal.workbench.swt.PartRenderingEngine.createGui(PartRenderingEngine.java:716)
	at org.eclipse.e4.ui.internal.workbench.swt.PartRenderingEngine$5.run(PartRenderingEngine.java:1076)
	at org.eclipse.core.databinding.observable.Realm.runWithDefault(Realm.java:336)
	at org.eclipse.e4.ui.internal.workbench.swt.PartRenderingEngine.run(PartRenderingEngine.java:1039)
	at org.eclipse.e4.ui.internal.workbench.E4Workbench.createAndRunUI(E4Workbench.java:153)
	at org.eclipse.ui.internal.Workbench.lambda$3(Workbench.java:680)
	at org.eclipse.core.databinding.observable.Realm.runWithDefault(Realm.java:336)
	at org.eclipse.ui.internal.Workbench.createAndRunWorkbench(Workbench.java:594)
	at org.eclipse.ui.PlatformUI.createAndRunWorkbench(PlatformUI.java:148)
	at org.eclipse.ui.internal.ide.application.IDEApplication.start(IDEApplication.java:151)
	at org.eclipse.equinox.internal.app.EclipseAppHandle.run(EclipseAppHandle.java:196)
	at org.eclipse.core.runtime.internal.adaptor.EclipseAppLauncher.runApplication(EclipseAppLauncher.java:134)
	at org.eclipse.core.runtime.internal.adaptor.EclipseAppLauncher.start(EclipseAppLauncher.java:104)
	at org.eclipse.core.runtime.adaptor.EclipseStarter.run(EclipseStarter.java:388)
	at org.eclipse.core.runtime.adaptor.EclipseStarter.run(EclipseStarter.java:243)
	at sun.reflect.NativeMethodAccessorImpl.invoke0(Native Method)
	at sun.reflect.NativeMethodAccessorImpl.invoke(NativeMethodAccessorImpl.java:62)
	at sun.reflect.DelegatingMethodAccessorImpl.invoke(DelegatingMethodAccessorImpl.java:43)
	at java.lang.reflect.Method.invoke(Method.java:498)
	at org.eclipse.equinox.launcher.Main.invokeFramework(Main.java:653)
	at org.eclipse.equinox.launcher.Main.basicRun(Main.java:590)
	at org.eclipse.equinox.launcher.Main.run(Main.java:1499)
	at org.eclipse.equinox.launcher.Main.main(Main.java:1472)
1   0x7f9f57a73237 /usr/lib/x86_64-linux-gnu/libjavascriptcoregtk-4.0.so.18(WTFCrash+0x17) [0x7f9f57a73237]
2   0x7f9f5d1d7321 /usr/lib/x86_64-linux-gnu/libwebkit2gtk-4.0.so.37(+0x69e321) [0x7f9f5d1d7321]
3   0x7f9f5d21b95a /usr/lib/x86_64-linux-gnu/libwebkit2gtk-4.0.so.37(+0x6e295a) [0x7f9f5d21b95a]
4   0x7f9f5d21b9d9 /usr/lib/x86_64-linux-gnu/libwebkit2gtk-4.0.so.37(+0x6e29d9) [0x7f9f5d21b9d9]
5   0x7f9f5d47dd76 /usr/lib/x86_64-linux-gnu/libwebkit2gtk-4.0.so.37(+0x944d76) [0x7f9f5d47dd76]
6   0x7f9fe9be1d9a /usr/lib/x86_64-linux-gnu/libgobject-2.0.so.0(g_object_unref+0x19a) [0x7f9fe9be1d9a]
7   0x7fa00b0beff8 /lib/x86_64-linux-gnu/libc.so.6(+0x39ff8) [0x7fa00b0beff8]
8   0x7fa00b0bf045 /lib/x86_64-linux-gnu/libc.so.6(+0x3a045) [0x7fa00b0bf045]
9   0x7fa00a15cf8c /usr/lib/jvm/java-8-openjdk-amd64/jre/lib/amd64/server/libjvm.so(+0x662f8c) [0x7fa00a15cf8c]
10  0x7fa00a576707 /usr/lib/jvm/java-8-openjdk-amd64/jre/lib/amd64/server/libjvm.so(+0xa7c707) [0x7fa00a576707]
11  0x7fa00a573fa7 /usr/lib/jvm/java-8-openjdk-amd64/jre/lib/amd64/server/libjvm.so(+0xa79fa7) [0x7fa00a573fa7]
12  0x7fa00a57528f /usr/lib/jvm/java-8-openjdk-amd64/jre/lib/amd64/server/libjvm.so(+0xa7b28f) [0x7fa00a57528f]
13  0x7fa00a575781 /usr/lib/jvm/java-8-openjdk-amd64/jre/lib/amd64/server/libjvm.so(+0xa7b781) [0x7fa00a575781]
14  0x7fa00a3b9af2 /usr/lib/jvm/java-8-openjdk-amd64/jre/lib/amd64/server/libjvm.so(+0x8bfaf2) [0x7fa00a3b9af2]
15  0x7fa00aa516ba /lib/x86_64-linux-gnu/libpthread.so.0(+0x76ba) [0x7fa00aa516ba]
16  0x7fa00b18c41d /lib/x86_64-linux-gnu/libc.so.6(clone+0x6d) [0x7fa00b18c41d]
#
# A fatal error has been detected by the Java Runtime Environment:
#
#  SIGILL (0x4) at pc=0x00007f9f57a73242, pid=22594, tid=0x00007f9febafa700
#
# JRE version: OpenJDK Runtime Environment (8.0_212-b03) (build 1.8.0_212-8u212-b03-0ubuntu1.16.04.1-b03)
# Java VM: OpenJDK 64-Bit Server VM (25.212-b03 mixed mode linux-amd64 compressed oops)
# Problematic frame:
# C  [libjavascriptcoregtk-4.0.so.18+0xdda242]  WTFCrash+0x22
#
# Failed to write core dump. Core dumps have been disabled. To enable core dumping, try "ulimit -c unlimited" before starting Java again
#
# An error report file with more information is saved as:
# /home/vaneet.kumar/Learning_Technology/DataStructures_Algorithms/hs_err_pid22594.log
#
# If you would like to submit a bug report, please visit:
#   http://bugreport.java.com/bugreport/crash.jsp
#
